#! /usr/bin/vvp
:ivl_version "10.3 (stable)";
:ivl_delay_selection "TYPICAL";
:vpi_time_precision + 0;
:vpi_module "system";
:vpi_module "vhdl_sys";
:vpi_module "v2005_math";
:vpi_module "va_math";
S_0x6e9090 .scope module, "testbench" "testbench" 2 3;
 .timescale 0 0;
v0x708600_0 .var "A", 0 0;
v0x7086c0_0 .var "B", 0 0;
v0x708760_0 .net "S_futuro", 1 0, L_0x709890;  1 drivers
v0x708860_0 .net "S_presente", 1 0, L_0x7097d0;  1 drivers
v0x708930_0 .net "Y", 0 0, L_0x709660;  1 drivers
v0x708a20_0 .var "clk", 0 0;
v0x708ac0_0 .var "reset", 0 0;
S_0x6e9210 .scope module, "U1" "ejercicio1" 2 9, 3 11 0, S_0x6e9090;
 .timescale 0 0;
    .port_info 0 /INPUT 1 "A"
    .port_info 1 /INPUT 1 "B"
    .port_info 2 /INPUT 1 "clk"
    .port_info 3 /INPUT 1 "reset"
    .port_info 4 /OUTPUT 1 "Y"
    .port_info 5 /OUTPUT 2 "S_presente"
    .port_info 6 /OUTPUT 2 "S_futuro"
L_0x708b60 .functor NOT 1, v0x7072b0_0, C4<0>, C4<0>, C4<0>;
L_0x708c50 .functor NOT 1, v0x6daa40_0, C4<0>, C4<0>, C4<0>;
L_0x708d10 .functor AND 1, L_0x708b60, L_0x708c50, C4<1>, C4<1>;
L_0x708e20 .functor AND 1, L_0x708d10, v0x708600_0, C4<1>, C4<1>;
L_0x708fb0 .functor AND 1, v0x6daa40_0, v0x7086c0_0, C4<1>, C4<1>;
L_0x709070 .functor AND 1, v0x7072b0_0, v0x708600_0, C4<1>, C4<1>;
L_0x709120 .functor AND 1, L_0x709070, v0x7086c0_0, C4<1>, C4<1>;
L_0x7091e0 .functor OR 1, L_0x708fb0, L_0x709120, C4<0>, C4<0>;
L_0x709390 .functor NOT 1, v0x6daa40_0, C4<0>, C4<0>, C4<0>;
L_0x709400 .functor AND 1, v0x7072b0_0, L_0x709390, C4<1>, C4<1>;
L_0x709560 .functor AND 1, L_0x709400, v0x708600_0, C4<1>, C4<1>;
L_0x709660 .functor AND 1, L_0x709560, v0x7086c0_0, C4<1>, C4<1>;
v0x7074d0_0 .net "A", 0 0, v0x708600_0;  1 drivers
v0x7075b0_0 .net "B", 0 0, v0x7086c0_0;  1 drivers
v0x707670_0 .net "S0_futuro", 0 0, L_0x708e20;  1 drivers
v0x707740_0 .net "S0_presente", 0 0, v0x6daa40_0;  1 drivers
v0x707810_0 .net "S1_futuro", 0 0, L_0x7091e0;  1 drivers
v0x707900_0 .net "S1_presente", 0 0, v0x7072b0_0;  1 drivers
v0x7079d0_0 .net "S_futuro", 1 0, L_0x709890;  alias, 1 drivers
v0x707a70_0 .net "S_presente", 1 0, L_0x7097d0;  alias, 1 drivers
v0x707b10_0 .net "Y", 0 0, L_0x709660;  alias, 1 drivers
v0x707bb0_0 .net *"_s0", 0 0, L_0x708b60;  1 drivers
v0x707c90_0 .net *"_s10", 0 0, L_0x709070;  1 drivers
v0x707d70_0 .net *"_s12", 0 0, L_0x709120;  1 drivers
v0x707e50_0 .net *"_s16", 0 0, L_0x709390;  1 drivers
v0x707f30_0 .net *"_s18", 0 0, L_0x709400;  1 drivers
v0x708010_0 .net *"_s2", 0 0, L_0x708c50;  1 drivers
v0x7080f0_0 .net *"_s20", 0 0, L_0x709560;  1 drivers
v0x7081d0_0 .net *"_s4", 0 0, L_0x708d10;  1 drivers
v0x7082b0_0 .net *"_s8", 0 0, L_0x708fb0;  1 drivers
v0x708390_0 .net "clk", 0 0, v0x708a20_0;  1 drivers
v0x708430_0 .net "reset", 0 0, v0x708ac0_0;  1 drivers
L_0x7097d0 .concat [ 1 1 0 0], v0x6daa40_0, v0x7072b0_0;
L_0x709890 .concat [ 1 1 0 0], L_0x708e20, L_0x7091e0;
S_0x6ec900 .scope module, "S0" "FFD" 3 23, 3 1 0, S_0x6e9210;
 .timescale 0 0;
    .port_info 0 /INPUT 1 "clk"
    .port_info 1 /INPUT 1 "reset"
    .port_info 2 /INPUT 1 "D"
    .port_info 3 /OUTPUT 1 "Q"
v0x6da940_0 .net "D", 0 0, L_0x708e20;  alias, 1 drivers
v0x6daa40_0 .var "Q", 0 0;
v0x706db0_0 .net "clk", 0 0, v0x708a20_0;  alias, 1 drivers
v0x706e50_0 .net "reset", 0 0, v0x708ac0_0;  alias, 1 drivers
E_0x6b3ae0 .event posedge, v0x706e50_0, v0x706db0_0;
S_0x706f90 .scope module, "S1" "FFD" 3 22, 3 1 0, S_0x6e9210;
 .timescale 0 0;
    .port_info 0 /INPUT 1 "clk"
    .port_info 1 /INPUT 1 "reset"
    .port_info 2 /INPUT 1 "D"
    .port_info 3 /OUTPUT 1 "Q"
v0x7071f0_0 .net "D", 0 0, L_0x7091e0;  alias, 1 drivers
v0x7072b0_0 .var "Q", 0 0;
v0x707370_0 .net "clk", 0 0, v0x708a20_0;  alias, 1 drivers
v0x707410_0 .net "reset", 0 0, v0x708ac0_0;  alias, 1 drivers
    .scope S_0x706f90;
T_0 ;
    %wait E_0x6b3ae0;
    %load/vec4 v0x707410_0;
    %flag_set/vec4 8;
    %jmp/0xz  T_0.0, 8;
    %pushi/vec4 0, 0, 1;
    %assign/vec4 v0x7072b0_0, 0;
    %jmp T_0.1;
T_0.0 ;
    %load/vec4 v0x7071f0_0;
    %assign/vec4 v0x7072b0_0, 0;
T_0.1 ;
    %jmp T_0;
    .thread T_0;
    .scope S_0x6ec900;
T_1 ;
    %wait E_0x6b3ae0;
    %load/vec4 v0x706e50_0;
    %flag_set/vec4 8;
    %jmp/0xz  T_1.0, 8;
    %pushi/vec4 0, 0, 1;
    %assign/vec4 v0x6daa40_0, 0;
    %jmp T_1.1;
T_1.0 ;
    %load/vec4 v0x6da940_0;
    %assign/vec4 v0x6daa40_0, 0;
T_1.1 ;
    %jmp T_1;
    .thread T_1;
    .scope S_0x6e9090;
T_2 ;
    %vpi_call 2 12 "$display", "clk reset A B Sf S | Y" {0 0 0};
    %vpi_call 2 13 "$monitor", "%b %b %b %b %b %b | %b", v0x708a20_0, v0x708ac0_0, v0x708600_0, v0x7086c0_0, v0x708760_0, v0x708860_0, v0x708930_0 {0 0 0};
    %end;
    .thread T_2;
    .scope S_0x6e9090;
T_3 ;
    %pushi/vec4 0, 0, 1;
    %store/vec4 v0x708a20_0, 0, 1;
    %pushi/vec4 0, 0, 1;
    %store/vec4 v0x708ac0_0, 0, 1;
    %pushi/vec4 0, 0, 1;
    %store/vec4 v0x708600_0, 0, 1;
    %pushi/vec4 0, 0, 1;
    %store/vec4 v0x7086c0_0, 0, 1;
    %delay 1, 0;
    %pushi/vec4 1, 0, 1;
    %store/vec4 v0x708ac0_0, 0, 1;
    %delay 1, 0;
    %pushi/vec4 0, 0, 1;
    %store/vec4 v0x708ac0_0, 0, 1;
    %delay 10, 0;
    %pushi/vec4 1, 0, 1;
    %store/vec4 v0x708600_0, 0, 1;
    %pushi/vec4 0, 0, 1;
    %store/vec4 v0x7086c0_0, 0, 1;
    %delay 20, 0;
    %pushi/vec4 0, 0, 1;
    %store/vec4 v0x708600_0, 0, 1;
    %pushi/vec4 0, 0, 1;
    %store/vec4 v0x7086c0_0, 0, 1;
    %delay 10, 0;
    %pushi/vec4 1, 0, 1;
    %store/vec4 v0x708600_0, 0, 1;
    %pushi/vec4 1, 0, 1;
    %store/vec4 v0x7086c0_0, 0, 1;
    %delay 30, 0;
    %pushi/vec4 0, 0, 1;
    %store/vec4 v0x708600_0, 0, 1;
    %pushi/vec4 1, 0, 1;
    %store/vec4 v0x7086c0_0, 0, 1;
    %end;
    .thread T_3;
    .scope S_0x6e9090;
T_4 ;
    %delay 100, 0;
    %vpi_call 2 38 "$finish" {0 0 0};
    %end;
    .thread T_4;
    .scope S_0x6e9090;
T_5 ;
    %delay 5, 0;
    %load/vec4 v0x708a20_0;
    %inv;
    %store/vec4 v0x708a20_0, 0, 1;
    %jmp T_5;
    .thread T_5;
    .scope S_0x6e9090;
T_6 ;
    %vpi_call 2 44 "$dumpfile", "timing.vcd" {0 0 0};
    %vpi_call 2 45 "$dumpvars", 32'sb00000000000000000000000000000000, S_0x6e9090 {0 0 0};
    %end;
    .thread T_6;
# The file index is used to find the file name in the following table.
:file_names 4;
    "N/A";
    "<interactive>";
    "testbenchFSM.v";
    "./ejemploFFD.v";
