#! /usr/bin/vvp
:ivl_version "10.3 (stable)";
:ivl_delay_selection "TYPICAL";
:vpi_time_precision + 0;
:vpi_module "system";
:vpi_module "vhdl_sys";
:vpi_module "v2005_math";
:vpi_module "va_math";
S_0x23c40e0 .scope module, "ejemplo" "ejemplo" 2 1;
 .timescale 0 0;
L_0x240a5d0 .functor NOT 1, v0x23c4260_0, C4<0>, C4<0>, C4<0>;
L_0x240a690 .functor AND 1, L_0x240a5d0, v0x240a1e0_0, C4<1>, C4<1>;
L_0x240a780 .functor AND 1, v0x23c4260_0, v0x240a1e0_0, C4<1>, C4<1>;
L_0x240a8c0 .functor OR 1, L_0x240a690, L_0x240a780, C4<0>, C4<0>;
v0x23c4260_0 .var "A", 0 0;
v0x240a1e0_0 .var "B", 0 0;
v0x240a2a0_0 .net "out", 0 0, L_0x240a8c0;  1 drivers
v0x240a340_0 .net "w1", 0 0, L_0x240a5d0;  1 drivers
v0x240a400_0 .net "w2", 0 0, L_0x240a690;  1 drivers
v0x240a510_0 .net "w3", 0 0, L_0x240a780;  1 drivers
    .scope S_0x23c40e0;
T_0 ;
    %vpi_call 2 16 "$display", "A B | Y" {0 0 0};
    %vpi_call 2 17 "$display", "-------" {0 0 0};
    %vpi_call 2 18 "$monitor", "%b %b | %b", v0x23c4260_0, v0x240a1e0_0, v0x240a2a0_0 {0 0 0};
    %pushi/vec4 0, 0, 1;
    %store/vec4 v0x23c4260_0, 0, 1;
    %pushi/vec4 0, 0, 1;
    %store/vec4 v0x240a1e0_0, 0, 1;
    %delay 1, 0;
    %pushi/vec4 1, 0, 1;
    %store/vec4 v0x240a1e0_0, 0, 1;
    %delay 1, 0;
    %pushi/vec4 1, 0, 1;
    %store/vec4 v0x23c4260_0, 0, 1;
    %pushi/vec4 0, 0, 1;
    %store/vec4 v0x240a1e0_0, 0, 1;
    %delay 1, 0;
    %pushi/vec4 1, 0, 1;
    %store/vec4 v0x240a1e0_0, 0, 1;
    %delay 1, 0;
    %vpi_call 2 24 "$finish" {0 0 0};
    %end;
    .thread T_0;
    .scope S_0x23c40e0;
T_1 ;
    %vpi_call 2 29 "$dumpfile", "ejemplo_tb.vcd" {0 0 0};
    %vpi_call 2 30 "$dumpvars", 32'sb00000000000000000000000000000000, S_0x23c40e0 {0 0 0};
    %end;
    .thread T_1;
# The file index is used to find the file name in the following table.
:file_names 3;
    "N/A";
    "<interactive>";
    "ejemplo.v";
